2020-02-26T01:37:30+00:00 CRITICAL Uncaught Exception: parse error: failed at `position: relative` /home/phamm227/public_html/themes/alone-corona/wp-content/themes/alone/assets/style-scss/_js-composer.scss on line 3602 in /home/phamm227/public_html/themes/alone-corona/wp-content/themes/alone/theme-includes/includes/scss.inc.php:4066
Stack trace:
#0 /home/phamm227/public_html/themes/alone-corona/wp-content/themes/alone/theme-includes/includes/scss.inc.php(2754): scss_parser->throwParseError()
#1 /home/phamm227/public_html/themes/alone-corona/wp-content/themes/alone/theme-includes/includes/scss.inc.php(1669): scss_parser->parse('%sermon-modal-p...')
#2 /home/phamm227/public_html/themes/alone-corona/wp-content/themes/alone/theme-includes/includes/scss.inc.php(608): scssc->importFile('/home/phamm227/...', Object(stdClass))
#3 /home/phamm227/public_html/themes/alone-corona/wp-content/themes/alone/theme-includes/includes/scss.inc.php(639): scssc->compileImport(Array, Object(stdClass))
#4 /home/phamm227/public_html/themes/alone-corona/wp-content/them in /home/phamm227/public_html/themes/alone-corona/wp-content/themes/alone/theme-includes/includes/scss.inc.php on line 4066

2020-02-26T04:08:15+00:00 CRITICAL Uncaught Exception: unclosed block: failed at `` /home/phamm227/public_html/themes/alone-corona/wp-content/themes/alone/assets/style-scss/_js-composer.scss on line 5996 in /home/phamm227/public_html/themes/alone-corona/wp-content/themes/alone/theme-includes/includes/scss.inc.php:4066
Stack trace:
#0 /home/phamm227/public_html/themes/alone-corona/wp-content/themes/alone/theme-includes/includes/scss.inc.php(2758): scss_parser->throwParseError('unclosed block')
#1 /home/phamm227/public_html/themes/alone-corona/wp-content/themes/alone/theme-includes/includes/scss.inc.php(1669): scss_parser->parse('%sermon-modal-p...')
#2 /home/phamm227/public_html/themes/alone-corona/wp-content/themes/alone/theme-includes/includes/scss.inc.php(608): scssc->importFile('/home/phamm227/...', Object(stdClass))
#3 /home/phamm227/public_html/themes/alone-corona/wp-content/themes/alone/theme-includes/includes/scss.inc.php(639): scssc->compileImport(Array, Object(stdClass))
#4 /home/phamm227/public_html/themes/alone-corona/wp-content/the in /home/phamm227/public_html/themes/alone-corona/wp-content/themes/alone/theme-includes/includes/scss.inc.php on line 4066

2020-02-26T04:08:21+00:00 CRITICAL Uncaught Exception: unclosed block: failed at `` /home/phamm227/public_html/themes/alone-corona/wp-content/themes/alone/assets/style-scss/_js-composer.scss on line 5996 in /home/phamm227/public_html/themes/alone-corona/wp-content/themes/alone/theme-includes/includes/scss.inc.php:4066
Stack trace:
#0 /home/phamm227/public_html/themes/alone-corona/wp-content/themes/alone/theme-includes/includes/scss.inc.php(2758): scss_parser->throwParseError('unclosed block')
#1 /home/phamm227/public_html/themes/alone-corona/wp-content/themes/alone/theme-includes/includes/scss.inc.php(1669): scss_parser->parse('%sermon-modal-p...')
#2 /home/phamm227/public_html/themes/alone-corona/wp-content/themes/alone/theme-includes/includes/scss.inc.php(608): scssc->importFile('/home/phamm227/...', Object(stdClass))
#3 /home/phamm227/public_html/themes/alone-corona/wp-content/themes/alone/theme-includes/includes/scss.inc.php(639): scssc->compileImport(Array, Object(stdClass))
#4 /home/phamm227/public_html/themes/alone-corona/wp-content/the in /home/phamm227/public_html/themes/alone-corona/wp-content/themes/alone/theme-includes/includes/scss.inc.php on line 4066

2020-02-26T04:13:49+00:00 CRITICAL Uncaught Exception: unclosed block: failed at `` /home/phamm227/public_html/themes/alone-corona/wp-content/themes/alone/assets/style-scss/_js-composer.scss on line 7690 in /home/phamm227/public_html/themes/alone-corona/wp-content/themes/alone/theme-includes/includes/scss.inc.php:4066
Stack trace:
#0 /home/phamm227/public_html/themes/alone-corona/wp-content/themes/alone/theme-includes/includes/scss.inc.php(2758): scss_parser->throwParseError('unclosed block')
#1 /home/phamm227/public_html/themes/alone-corona/wp-content/themes/alone/theme-includes/includes/scss.inc.php(1669): scss_parser->parse('%sermon-modal-p...')
#2 /home/phamm227/public_html/themes/alone-corona/wp-content/themes/alone/theme-includes/includes/scss.inc.php(608): scssc->importFile('/home/phamm227/...', Object(stdClass))
#3 /home/phamm227/public_html/themes/alone-corona/wp-content/themes/alone/theme-includes/includes/scss.inc.php(639): scssc->compileImport(Array, Object(stdClass))
#4 /home/phamm227/public_html/themes/alone-corona/wp-content/the in /home/phamm227/public_html/themes/alone-corona/wp-content/themes/alone/theme-includes/includes/scss.inc.php on line 4066

